#
# A fatal error has been detected by the Java Runtime Environment:
#
#  EXCEPTION_ACCESS_VIOLATION (0xc0000005) at pc=0x00007ffa9cfff1a6, pid=460, tid=15264
#
# JRE version: OpenJDK Runtime Environment (11.0.11+9) (build 11.0.11+9-b60-7590822)
# Java VM: OpenJDK 64-Bit Server VM (11.0.11+9-b60-7590822, mixed mode, tiered, compressed oops, g1 gc, windows-amd64)
# Problematic frame:
# V  [jvm.dll+0x1df1a6]
#
# No core dump will be written. Minidumps are not enabled by default on client versions of Windows
#
# If you would like to submit a bug report, please visit:
#   https://bugreport.java.com/bugreport/crash.jsp
#

---------------  S U M M A R Y ------------

Command Line: --add-opens=java.base/java.util=ALL-UNNAMED --add-opens=java.base/java.lang=ALL-UNNAMED --add-opens=java.base/java.lang.invoke=ALL-UNNAMED --add-opens=java.base/java.util=ALL-UNNAMED --add-opens=java.prefs/java.util.prefs=ALL-UNNAMED --add-opens=java.prefs/java.util.prefs=ALL-UNNAMED --add-opens=java.base/java.nio.charset=ALL-UNNAMED --add-opens=java.base/java.net=ALL-UNNAMED --add-opens=java.base/java.util.concurrent.atomic=ALL-UNNAMED -Xmx2048m -Dfile.encoding=UTF-8 -Duser.country=US -Duser.language=en -Duser.variant org.gradle.launcher.daemon.bootstrap.GradleDaemon 7.2

Host: Intel(R) Core(TM) i3-10110U CPU @ 2.10GHz, 4 cores, 7G,  Windows 10 , 64 bit Build 19041 (10.0.19041.1566)
Time: Wed Apr  6 21:48:12 2022 GTB Daylight Time elapsed time: 1780.015752 seconds (0d 0h 29m 40s)

---------------  T H R E A D  ---------------

Current thread (0x000001c11df03800):  VMThread "VM Thread" [stack: 0x0000001bc2d00000,0x0000001bc2e00000] [id=15264]

Stack: [0x0000001bc2d00000,0x0000001bc2e00000],  sp=0x0000001bc2dff020,  free space=1020k
Native frames: (J=compiled Java code, j=interpreted, Vv=VM code, C=native code)
V  [jvm.dll+0x1df1a6]
V  [jvm.dll+0x1ded6e]
V  [jvm.dll+0x1def12]
V  [jvm.dll+0x1de774]
V  [jvm.dll+0x729d4e]
V  [jvm.dll+0x72a38c]
V  [jvm.dll+0x72e3d5]
V  [jvm.dll+0x72eb7c]
V  [jvm.dll+0x72eff7]
V  [jvm.dll+0x6e80b5]
V  [jvm.dll+0x5f1036]
C  [ucrtbase.dll+0x21bb2]
C  [KERNEL32.DLL+0x17034]
C  [ntdll.dll+0x52651]


siginfo: EXCEPTION_ACCESS_VIOLATION (0xc0000005), reading address 0xffffffffffffffff


Register to memory mapping:

RIP=0x00007ffa9cfff1a6 jvm.dll
RAX=0x00007ffa9d4862b8 jvm.dll
RBX=0x0000001bc2dff0e0 points into unknown readable memory: 0x000001c108959990 | 90 99 95 08 c1 01 00 00
RCX=
[error occurred during error reporting (printing register info), id 0xc0000005, EXCEPTION_ACCESS_VIOLATION (0xc0000005) at pc=0x00007ffa9cffa35b]

Registers:
RAX=0x00007ffa9d4862b8, RBX=0x0000001bc2dff0e0, RCX=0x000001c108959990, RDX=0x000001c108959980
RSP=0x0000001bc2dff020, RBP=0x000001c103cdce98, RSI=0x000001c103cdcac0, RDI=0x000001c103c16270
R8 =0x000001c108959990, R9 =0x000001c107ca0000, R10=0x00000000000404f3, R11=0x0000001bc2dfefe8
R12=0x00007ffa9d602138, R13=0x00007ffa9d853330, R14=0x00000000000003d8, R15=0x00000000000003d8
RIP=0x00007ffa9cfff1a6, EFLAGS=0x0000000000010206

Top of Stack: (sp=0x0000001bc2dff020)
0x0000001bc2dff020:   000001c103c046f0 000001c103c040c0
0x0000001bc2dff030:   000001f7f183bbe9 fffffffff7f183bb
0x0000001bc2dff040:   0000001bc2dff0e0 00007ffa9cffed6e
0x0000001bc2dff050:   000001c103cdcab0 000001c11deb5510
0x0000001bc2dff060:   000001c102187c40 000001c102187c50
0x0000001bc2dff070:   0000001bc2dff0e0 00007ffa9cffef12
0x0000001bc2dff080:   0000000000000001 000001c11ebf0800
0x0000001bc2dff090:   00000000000003d8 00000000000003d8
0x0000001bc2dff0a0:   000001c103cdcab0 00007ffa9cffe774
0x0000001bc2dff0b0:   000001c10894c090 000001c103cdcac0
0x0000001bc2dff0c0:   000001c103cdcab0 000001c12518c338
0x0000001bc2dff0d0:   000001c102190dd0 0000000000000002
0x0000001bc2dff0e0:   000001c108959990 000001c102190dd0
0x0000001bc2dff0f0:   0000000000000001 000001c102190dd0
0x0000001bc2dff100:   0000000000000002 0000000000000000
0x0000001bc2dff110:   000001c11deb51d0 00007ffa9d549d4e 

Instructions: (pc=0x00007ffa9cfff1a6)
0x00007ffa9cfff0a6:   b9 48 8b 00 ff 50 10 84 c0 75 48 48 8b 07 48 8b
0x00007ffa9cfff0b6:   cf 48 8b 13 ff 50 18 48 89 03 48 85 c0 74 21 48
0x00007ffa9cfff0c6:   8b 0b 48 8b 01 ff 50 10 84 c0 75 14 48 8b 07 48
0x00007ffa9cfff0d6:   8b cf 48 8b 13 ff 50 18 48 89 03 48 85 c0 75 df
0x00007ffa9cfff0e6:   48 83 3b 00 40 0f 95 c7 40 84 ff 0f 84 69 ff ff
0x00007ffa9cfff0f6:   ff eb 03 40 b7 01 40 84 ff 0f 85 2b ff ff ff 40
0x00007ffa9cfff106:   0f b6 c7 48 8b 5c 24 30 48 83 c4 20 5f c3 cc cc
0x00007ffa9cfff116:   cc cc cc cc cc cc cc cc cc cc 40 53 48 83 ec 20
0x00007ffa9cfff126:   8b 41 20 48 8b d9 39 41 10 75 08 32 c0 48 83 c4
0x00007ffa9cfff136:   20 5b c3 48 83 3b 00 48 63 51 10 48 8b 41 08 48
0x00007ffa9cfff146:   89 7c 24 30 48 8b 48 18 48 8b 3c d1 75 36 48 8b
0x00007ffa9cfff156:   07 48 8b cf ff 50 10 48 89 03 48 8b c8 48 85 c0
0x00007ffa9cfff166:   75 0b 48 8b 7c 24 30 48 83 c4 20 5b c3 48 8b 00
0x00007ffa9cfff176:   ff 50 60 84 c0 74 0d b0 01 48 8b 7c 24 30 48 83
0x00007ffa9cfff186:   c4 20 5b c3 48 8b 07 48 8b cf 48 8b 13 ff 50 18
0x00007ffa9cfff196:   48 89 03 48 85 c0 74 23 66 90 48 8b 0b 48 8b 01
0x00007ffa9cfff1a6:   ff 50 60 84 c0 75 14 48 8b 07 48 8b cf 48 8b 13
0x00007ffa9cfff1b6:   ff 50 18 48 89 03 48 85 c0 75 df 48 83 3b 00 48
0x00007ffa9cfff1c6:   8b 7c 24 30 0f 95 c0 48 83 c4 20 5b c3 cc cc cc
0x00007ffa9cfff1d6:   cc cc cc cc cc cc cc cc cc cc 40 53 48 83 ec 20
0x00007ffa9cfff1e6:   8b 41 20 48 8b d9 39 41 10 75 08 32 c0 48 83 c4
0x00007ffa9cfff1f6:   20 5b c3 48 83 3b 00 48 63 51 10 48 8b 41 08 48
0x00007ffa9cfff206:   89 7c 24 30 48 8b 48 18 48 8b 3c d1 75 36 48 8b
0x00007ffa9cfff216:   07 48 8b cf ff 50 10 48 89 03 48 8b c8 48 85 c0
0x00007ffa9cfff226:   75 0b 48 8b 7c 24 30 48 83 c4 20 5b c3 48 8b 00
0x00007ffa9cfff236:   ff 50 10 84 c0 74 0d b0 01 48 8b 7c 24 30 48 83
0x00007ffa9cfff246:   c4 20 5b c3 48 8b 07 48 8b cf 48 8b 13 ff 50 18
0x00007ffa9cfff256:   48 89 03 48 85 c0 74 23 66 90 48 8b 0b 48 8b 01
0x00007ffa9cfff266:   ff 50 10 84 c0 75 14 48 8b 07 48 8b cf 48 8b 13
0x00007ffa9cfff276:   ff 50 18 48 89 03 48 85 c0 75 df 48 83 3b 00 48
0x00007ffa9cfff286:   8b 7c 24 30 0f 95 c0 48 83 c4 20 5b c3 cc cc cc
0x00007ffa9cfff296:   cc cc cc cc cc cc cc cc cc cc 4c 8b 0d 29 9e 81 


Stack slot to memory mapping:
stack at sp + 0 slots: 0x000001c103c046f0 points into unknown readable memory: 0x0000000000000000 | 00 00 00 00 00 00 00 00
stack at sp + 1 slots: 0x000001c103c040c0 points into unknown readable memory: 0x0000000000000000 | 00 00 00 00 00 00 00 00
stack at sp + 2 slots: 0x000001f7f183bbe9 is an unknown value
stack at sp + 3 slots: 0xfffffffff7f183bb is an unknown value
stack at sp + 4 slots: 0x0000001bc2dff0e0 points into unknown readable memory: 0x000001c108959990 | 90 99 95 08 c1 01 00 00
stack at sp + 5 slots: 0x00007ffa9cffed6e jvm.dll
stack at sp + 6 slots: 0x000001c103cdcab0 points into unknown readable memory: 0x0000000000000000 | 00 00 00 00 00 00 00 00
stack at sp + 7 slots: 0x000001c11deb5510 points into unknown readable memory: 0x0000000000000002 | 02 00 00 00 00 00 00 00

VM_Operation (0x0000001bc7cf6f00): Deoptimize, mode: safepoint, requested by thread 0x000001c11ebf0000


---------------  P R O C E S S  ---------------

Threads class SMR info:
_java_thread_list=0x000001c1244b9fe0, length=86, elements={
0x000001c103c09800, 0x000001c11df0b000, 0x000001c11df0e800, 0x000001c11e8b3800,
0x000001c11df2b800, 0x000001c11df2f000, 0x000001c11df32000, 0x000001c11df33800,
0x000001c11df39800, 0x000001c11e9f7000, 0x000001c1203ed000, 0x000001c12068d800,
0x000001c120f4c000, 0x000001c120323800, 0x000001c120324000, 0x000001c120322800,
0x000001c120325000, 0x000001c120326000, 0x000001c121ef2800, 0x000001c121eee800,
0x000001c121ef4800, 0x000001c121ef5000, 0x000001c121ef3800, 0x000001c124f44800,
0x000001c124f45000, 0x000001c12b745800, 0x000001c12b744000, 0x000001c12b740000,
0x000001c12b741800, 0x000001c12b742800, 0x000001c12b73e800, 0x000001c12b73f000,
0x000001c12b743000, 0x000001c12b745000, 0x000001c12b746800, 0x000001c12b740800,
0x000001c12b74a800, 0x000001c12b749800, 0x000001c12b748000, 0x000001c11f061000,
0x000001c12b74b800, 0x000001c12b749000, 0x000001c12b74c000, 0x000001c12b74d000,
0x000001c12b747800, 0x000001c124f46000, 0x000001c124f40800, 0x000001c124f41000,
0x000001c124f47000, 0x000001c124f47800, 0x000001c124f48800, 0x000001c124f42800,
0x000001c124f49800, 0x000001c124f43800, 0x000001c124f4b800, 0x000001c124f4a000,
0x000001c124f4b000, 0x000001c124f4f000, 0x000001c124f4e000, 0x000001c124f4c800,
0x000001c124f4d800, 0x000001c120320000, 0x000001c120326800, 0x000001c120321000,
0x000001c120321800, 0x000001c121ef1000, 0x000001c121ef2000, 0x000001c11ebe2000,
0x000001c11ebe3800, 0x000001c11ebe7000, 0x000001c11ebe4800, 0x000001c11ebe7800,
0x000001c11ebe5000, 0x000001c11ebe8800, 0x000001c11ebe3000, 0x000001c11ebe9800,
0x000001c11ebeb000, 0x000001c11ebec000, 0x000001c11ebe6000, 0x000001c11ebef000,
0x000001c11ebec800, 0x000001c11ebf0000, 0x000001c11ebed800, 0x000001c11ebee000,
0x000001c11ebea000, 0x000001c11ebf0800
}

Java Threads: ( => current thread )
  0x000001c103c09800 JavaThread "main" [_thread_blocked, id=7208, stack(0x0000001bc2700000,0x0000001bc2800000)]
  0x000001c11df0b000 JavaThread "Reference Handler" daemon [_thread_blocked, id=15396, stack(0x0000001bc2e00000,0x0000001bc2f00000)]
  0x000001c11df0e800 JavaThread "Finalizer" daemon [_thread_blocked, id=16188, stack(0x0000001bc2f00000,0x0000001bc3000000)]
  0x000001c11e8b3800 JavaThread "Signal Dispatcher" daemon [_thread_blocked, id=3776, stack(0x0000001bc3000000,0x0000001bc3100000)]
  0x000001c11df2b800 JavaThread "Attach Listener" daemon [_thread_blocked, id=10040, stack(0x0000001bc3100000,0x0000001bc3200000)]
  0x000001c11df2f000 JavaThread "Service Thread" daemon [_thread_blocked, id=12816, stack(0x0000001bc3200000,0x0000001bc3300000)]
  0x000001c11df32000 JavaThread "C2 CompilerThread0" daemon [_thread_in_native, id=7872, stack(0x0000001bc3300000,0x0000001bc3400000)]
  0x000001c11df33800 JavaThread "C1 CompilerThread0" daemon [_thread_blocked, id=13464, stack(0x0000001bc3400000,0x0000001bc3500000)]
  0x000001c11df39800 JavaThread "Sweeper thread" daemon [_thread_blocked, id=14404, stack(0x0000001bc3500000,0x0000001bc3600000)]
  0x000001c11e9f7000 JavaThread "Common-Cleaner" daemon [_thread_blocked, id=15192, stack(0x0000001bc3600000,0x0000001bc3700000)]
  0x000001c1203ed000 JavaThread "Daemon health stats" [_thread_blocked, id=13796, stack(0x0000001bc3a00000,0x0000001bc3b00000)]
  0x000001c12068d800 JavaThread "Incoming local TCP Connector on port 63464" [_thread_in_native, id=528, stack(0x0000001bc3800000,0x0000001bc3900000)]
  0x000001c120f4c000 JavaThread "Daemon periodic checks" [_thread_blocked, id=12764, stack(0x0000001bc3b00000,0x0000001bc3c00000)]
  0x000001c120323800 JavaThread "Cache worker for journal cache (C:\Users\Razvan\.gradle\caches\journal-1)" [_thread_blocked, id=15588, stack(0x0000001bc4500000,0x0000001bc4600000)]
  0x000001c120324000 JavaThread "File lock request listener" [_thread_in_native, id=14028, stack(0x0000001bc4600000,0x0000001bc4700000)]
  0x000001c120322800 JavaThread "Cache worker for file hash cache (C:\Users\Razvan\.gradle\caches\7.2\fileHashes)" [_thread_blocked, id=14512, stack(0x0000001bc4700000,0x0000001bc4800000)]
  0x000001c120325000 JavaThread "File watcher server" daemon [_thread_blocked, id=9080, stack(0x0000001bc4a00000,0x0000001bc4b00000)]
  0x000001c120326000 JavaThread "File watcher consumer" daemon [_thread_blocked, id=3672, stack(0x0000001bc4b00000,0x0000001bc4c00000)]
  0x000001c121ef2800 JavaThread "Cache worker for execution history cache (C:\Users\Razvan\.gradle\caches\7.2\executionHistory)" [_thread_blocked, id=3536, stack(0x0000001bc4f00000,0x0000001bc5000000)]
  0x000001c121eee800 JavaThread "jar transforms" [_thread_blocked, id=6292, stack(0x0000001bc5000000,0x0000001bc5100000)]
  0x000001c121ef4800 JavaThread "Cache worker for file content cache (C:\Users\Razvan\.gradle\caches\7.2\fileContent)" [_thread_blocked, id=14244, stack(0x0000001bc5100000,0x0000001bc5200000)]
  0x000001c121ef5000 JavaThread "jar transforms Thread 2" [_thread_blocked, id=10164, stack(0x0000001bc5200000,0x0000001bc5300000)]
  0x000001c121ef3800 JavaThread "jar transforms Thread 3" [_thread_blocked, id=3324, stack(0x0000001bc5400000,0x0000001bc5500000)]
  0x000001c124f44800 JavaThread "jar transforms Thread 4" [_thread_blocked, id=8604, stack(0x0000001bc7e00000,0x0000001bc7f00000)]
  0x000001c124f45000 JavaThread "Memory manager" [_thread_blocked, id=4380, stack(0x0000001bc7f00000,0x0000001bc8000000)]
  0x000001c12b745800 JavaThread "ForkJoinPool.commonPool-worker-7" daemon [_thread_blocked, id=13092, stack(0x0000001bc8d00000,0x0000001bc8e00000)]
  0x000001c12b744000 JavaThread "Daemon Thread 4" [_thread_blocked, id=552, stack(0x0000001bc2400000,0x0000001bc2500000)]
  0x000001c12b740000 JavaThread "Handler for socket connection from /127.0.0.1:63464 to /127.0.0.1:64028" [_thread_in_native, id=7404, stack(0x0000001bc2500000,0x0000001bc2600000)]
  0x000001c12b741800 JavaThread "Cancel handler" [_thread_blocked, id=16316, stack(0x0000001bc2600000,0x0000001bc2700000)]
  0x000001c12b742800 JavaThread "Daemon worker Thread 4" [_thread_blocked, id=14808, stack(0x0000001bc3c00000,0x0000001bc3d00000)]
  0x000001c12b73e800 JavaThread "Asynchronous log dispatcher for DefaultDaemonConnection: socket connection from /127.0.0.1:63464 to /127.0.0.1:64028" [_thread_blocked, id=15912, stack(0x0000001bc3d00000,0x0000001bc3e00000)]
  0x000001c12b73f000 JavaThread "Stdin handler" [_thread_blocked, id=13488, stack(0x0000001bc3e00000,0x0000001bc3f00000)]
  0x000001c12b743000 JavaThread "Daemon client event forwarder" [_thread_blocked, id=9288, stack(0x0000001bc3f00000,0x0000001bc4000000)]
  0x000001c12b745000 JavaThread "Cache worker for file hash cache (C:\Users\Razvan\AndroidStudioProjects\TicTacToe\.gradle\7.2\fileHashes)" [_thread_blocked, id=5564, stack(0x0000001bc4000000,0x0000001bc4100000)]
  0x000001c12b746800 JavaThread "Cache worker for checksums cache (C:\Users\Razvan\AndroidStudioProjects\TicTacToe\.gradle\checksums)" [_thread_blocked, id=1312, stack(0x0000001bc4100000,0x0000001bc4200000)]
  0x000001c12b740800 JavaThread "Cache worker for cache directory md-supplier (C:\Users\Razvan\.gradle\caches\7.2\md-supplier)" [_thread_blocked, id=10340, stack(0x0000001bc4200000,0x0000001bc4300000)]
  0x000001c12b74a800 JavaThread "Cache worker for cache directory md-rule (C:\Users\Razvan\.gradle\caches\7.2\md-rule)" [_thread_blocked, id=1848, stack(0x0000001bc4800000,0x0000001bc4900000)]
  0x000001c12b749800 JavaThread "Cache worker for dependencies-accessors (C:\Users\Razvan\AndroidStudioProjects\TicTacToe\.gradle\7.2\dependencies-accessors)" [_thread_blocked, id=6172, stack(0x0000001bc4900000,0x0000001bc4a00000)]
  0x000001c12b748000 JavaThread "Cache worker for Build Output Cleanup Cache (C:\Users\Razvan\AndroidStudioProjects\TicTacToe\.gradle\buildOutputCleanup)" [_thread_blocked, id=1512, stack(0x0000001bc4c00000,0x0000001bc4d00000)]
  0x000001c11f061000 JavaThread "C2 CompilerThread1" daemon [_thread_in_native, id=3712, stack(0x0000001bc4d00000,0x0000001bc4e00000)]
  0x000001c12b74b800 JavaThread "Unconstrained build operations" [_thread_blocked, id=12776, stack(0x0000001bc4e00000,0x0000001bc4f00000)]
  0x000001c12b749000 JavaThread "Unconstrained build operations Thread 2" [_thread_blocked, id=16176, stack(0x0000001bc5300000,0x0000001bc5400000)]
  0x000001c12b74c000 JavaThread "Unconstrained build operations Thread 3" [_thread_blocked, id=16184, stack(0x0000001bc5500000,0x0000001bc5600000)]
  0x000001c12b74d000 JavaThread "Unconstrained build operations Thread 4" [_thread_blocked, id=14924, stack(0x0000001bc5600000,0x0000001bc5700000)]
  0x000001c12b747800 JavaThread "Unconstrained build operations Thread 5" [_thread_blocked, id=15584, stack(0x0000001bc5700000,0x0000001bc5800000)]
  0x000001c124f46000 JavaThread "Unconstrained build operations Thread 6" [_thread_blocked, id=12220, stack(0x0000001bc5800000,0x0000001bc5900000)]
  0x000001c124f40800 JavaThread "Unconstrained build operations Thread 7" [_thread_blocked, id=13160, stack(0x0000001bc5900000,0x0000001bc5a00000)]
  0x000001c124f41000 JavaThread "Unconstrained build operations Thread 8" [_thread_blocked, id=6316, stack(0x0000001bc5a00000,0x0000001bc5b00000)]
  0x000001c124f47000 JavaThread "Unconstrained build operations Thread 9" [_thread_blocked, id=12860, stack(0x0000001bc5b00000,0x0000001bc5c00000)]
  0x000001c124f47800 JavaThread "Unconstrained build operations Thread 10" [_thread_blocked, id=5032, stack(0x0000001bc5c00000,0x0000001bc5d00000)]
  0x000001c124f48800 JavaThread "Unconstrained build operations Thread 11" [_thread_blocked, id=14728, stack(0x0000001bc5d00000,0x0000001bc5e00000)]
  0x000001c124f42800 JavaThread "Unconstrained build operations Thread 12" [_thread_blocked, id=12688, stack(0x0000001bc5e00000,0x0000001bc5f00000)]
  0x000001c124f49800 JavaThread "Unconstrained build operations Thread 13" [_thread_blocked, id=9004, stack(0x0000001bc5f00000,0x0000001bc6000000)]
  0x000001c124f43800 JavaThread "Unconstrained build operations Thread 14" [_thread_blocked, id=4976, stack(0x0000001bc6000000,0x0000001bc6100000)]
  0x000001c124f4b800 JavaThread "Unconstrained build operations Thread 15" [_thread_blocked, id=14828, stack(0x0000001bc6100000,0x0000001bc6200000)]
  0x000001c124f4a000 JavaThread "Unconstrained build operations Thread 16" [_thread_blocked, id=16140, stack(0x0000001bc6200000,0x0000001bc6300000)]
  0x000001c124f4b000 JavaThread "Unconstrained build operations Thread 17" [_thread_blocked, id=2684, stack(0x0000001bc6300000,0x0000001bc6400000)]
  0x000001c124f4f000 JavaThread "Unconstrained build operations Thread 18" [_thread_blocked, id=10088, stack(0x0000001bc6400000,0x0000001bc6500000)]
  0x000001c124f4e000 JavaThread "Unconstrained build operations Thread 19" [_thread_blocked, id=11800, stack(0x0000001bc6500000,0x0000001bc6600000)]
  0x000001c124f4c800 JavaThread "Unconstrained build operations Thread 20" [_thread_blocked, id=400, stack(0x0000001bc6600000,0x0000001bc6700000)]
  0x000001c124f4d800 JavaThread "Unconstrained build operations Thread 21" [_thread_blocked, id=11612, stack(0x0000001bc6700000,0x0000001bc6800000)]
  0x000001c120320000 JavaThread "Unconstrained build operations Thread 22" [_thread_blocked, id=7040, stack(0x0000001bc6800000,0x0000001bc6900000)]
  0x000001c120326800 JavaThread "Unconstrained build operations Thread 23" [_thread_blocked, id=7212, stack(0x0000001bc6900000,0x0000001bc6a00000)]
  0x000001c120321000 JavaThread "Unconstrained build operations Thread 24" [_thread_blocked, id=14532, stack(0x0000001bc6a00000,0x0000001bc6b00000)]
  0x000001c120321800 JavaThread "Unconstrained build operations Thread 25" [_thread_blocked, id=10920, stack(0x0000001bc6b00000,0x0000001bc6c00000)]
  0x000001c121ef1000 JavaThread "Unconstrained build operations Thread 26" [_thread_blocked, id=9200, stack(0x0000001bc6c00000,0x0000001bc6d00000)]
  0x000001c121ef2000 JavaThread "Unconstrained build operations Thread 27" [_thread_blocked, id=14344, stack(0x0000001bc6d00000,0x0000001bc6e00000)]
  0x000001c11ebe2000 JavaThread "Unconstrained build operations Thread 28" [_thread_blocked, id=11500, stack(0x0000001bc6e00000,0x0000001bc6f00000)]
  0x000001c11ebe3800 JavaThread "Unconstrained build operations Thread 29" [_thread_blocked, id=7132, stack(0x0000001bc6f00000,0x0000001bc7000000)]
  0x000001c11ebe7000 JavaThread "Unconstrained build operations Thread 30" [_thread_blocked, id=1136, stack(0x0000001bc7000000,0x0000001bc7100000)]
  0x000001c11ebe4800 JavaThread "Unconstrained build operations Thread 31" [_thread_blocked, id=5408, stack(0x0000001bc7100000,0x0000001bc7200000)]
  0x000001c11ebe7800 JavaThread "Unconstrained build operations Thread 32" [_thread_blocked, id=15884, stack(0x0000001bc7200000,0x0000001bc7300000)]
  0x000001c11ebe5000 JavaThread "Unconstrained build operations Thread 33" [_thread_blocked, id=15592, stack(0x0000001bc7300000,0x0000001bc7400000)]
  0x000001c11ebe8800 JavaThread "Unconstrained build operations Thread 34" [_thread_blocked, id=16288, stack(0x0000001bc7400000,0x0000001bc7500000)]
  0x000001c11ebe3000 JavaThread "Unconstrained build operations Thread 35" [_thread_blocked, id=14692, stack(0x0000001bc7500000,0x0000001bc7600000)]
  0x000001c11ebe9800 JavaThread "Unconstrained build operations Thread 36" [_thread_blocked, id=12984, stack(0x0000001bc7600000,0x0000001bc7700000)]
  0x000001c11ebeb000 JavaThread "Unconstrained build operations Thread 37" [_thread_blocked, id=11940, stack(0x0000001bc7700000,0x0000001bc7800000)]
  0x000001c11ebec000 JavaThread "Unconstrained build operations Thread 38" [_thread_blocked, id=15412, stack(0x0000001bc7800000,0x0000001bc7900000)]
  0x000001c11ebe6000 JavaThread "Unconstrained build operations Thread 39" [_thread_blocked, id=13644, stack(0x0000001bc7900000,0x0000001bc7a00000)]
  0x000001c11ebef000 JavaThread "Unconstrained build operations Thread 40" [_thread_blocked, id=14040, stack(0x0000001bc7a00000,0x0000001bc7b00000)]
  0x000001c11ebec800 JavaThread "build event listener" [_thread_blocked, id=15568, stack(0x0000001bc7b00000,0x0000001bc7c00000)]
  0x000001c11ebf0000 JavaThread "Execution worker for ':'" [_thread_blocked, id=16172, stack(0x0000001bc7c00000,0x0000001bc7d00000)]
  0x000001c11ebed800 JavaThread "Execution worker for ':' Thread 2" [_thread_blocked, id=1096, stack(0x0000001bc7d00000,0x0000001bc7e00000)]
  0x000001c11ebee000 JavaThread "Execution worker for ':' Thread 3" [_thread_blocked, id=10560, stack(0x0000001bc8000000,0x0000001bc8100000)]
  0x000001c11ebea000 JavaThread "Cache worker for execution history cache (C:\Users\Razvan\AndroidStudioProjects\TicTacToe\.gradle\7.2\executionHistory)" [_thread_blocked, id=7776, stack(0x0000001bc8100000,0x0000001bc8200000)]
  0x000001c11ebf0800 JavaThread "Cache worker for Java compile cache (C:\Users\Razvan\.gradle\caches\7.2\javaCompile)" [_thread_blocked, id=5424, stack(0x0000001bc8200000,0x0000001bc8300000)]

Other Threads:
=>0x000001c11df03800 VMThread "VM Thread" [stack: 0x0000001bc2d00000,0x0000001bc2e00000] [id=15264]
  0x000001c11ea08800 WatcherThread [stack: 0x0000001bc3700000,0x0000001bc3800000] [id=11128]
  0x000001c103c23000 GCTaskThread "GC Thread#0" [stack: 0x0000001bc2800000,0x0000001bc2900000] [id=14932]
  0x000001c11ed83800 GCTaskThread "GC Thread#1" [stack: 0x0000001bc3900000,0x0000001bc3a00000] [id=4404]
  0x000001c11fa91800 GCTaskThread "GC Thread#2" [stack: 0x0000001bc4300000,0x0000001bc4400000] [id=15164]
  0x000001c11ff0f800 GCTaskThread "GC Thread#3" [stack: 0x0000001bc4400000,0x0000001bc4500000] [id=15656]
  0x000001c103c53000 ConcurrentGCThread "G1 Main Marker" [stack: 0x0000001bc2900000,0x0000001bc2a00000] [id=10648]
  0x000001c103c55000 ConcurrentGCThread "G1 Conc#0" [stack: 0x0000001bc2a00000,0x0000001bc2b00000] [id=12312]
  0x000001c103cd2000 ConcurrentGCThread "G1 Refine#0" [stack: 0x0000001bc2b00000,0x0000001bc2c00000] [id=15352]
  0x000001c103cd3000 ConcurrentGCThread "G1 Young RemSet Sampling" [stack: 0x0000001bc2c00000,0x0000001bc2d00000] [id=14972]

Threads with active compile tasks:
C2 CompilerThread01780052 14888       4       org.gradle.api.internal.artifacts.ivyservice.resolveengine.result.ResolvedVariantResultSerializer::write (150 bytes)
C2 CompilerThread11780052 14854   !   4       org.gradle.api.internal.artifacts.transform.TransformingAsyncArtifactListener$TransformedArtifact::finalizeValue (165 bytes)

VM state:at safepoint (normal execution)

VM Mutex/Monitor currently owned by a thread:  ([mutex/lock_event])
[0x000001c103c05160] Threads_lock - owner thread: 0x000001c11df03800
[0x000001c103c050d0] Compile_lock - owner thread: 0x000001c11ebf0000

Heap address: 0x0000000080000000, size: 2048 MB, Compressed Oops mode: 32-bit
Narrow klass base: 0x0000000000000000, Narrow klass shift: 3
Compressed class space size: 1073741824 Address: 0x0000000100000000

Heap:
 garbage-first heap   total 181248K, used 129611K [0x0000000080000000, 0x0000000100000000)
  region size 1024K, 46 young (47104K), 1 survivors (1024K)
 Metaspace       used 94375K, capacity 96779K, committed 96896K, reserved 1132544K
  class space    used 11966K, capacity 12908K, committed 12928K, reserved 1048576K
Heap Regions: E=young(eden), S=young(survivor), O=old, HS=humongous(starts), HC=humongous(continues), CS=collection set, F=free, A=archive, TAMS=top-at-mark-start (previous, next)
|   0|0x0000000080000000, 0x0000000080100000, 0x0000000080100000|100%| O|  |TAMS 0x0000000080100000, 0x0000000080000000| Untracked 
|   1|0x0000000080100000, 0x0000000080200000, 0x0000000080200000|100%| O|  |TAMS 0x0000000080200000, 0x0000000080100000| Untracked 
|   2|0x0000000080200000, 0x0000000080300000, 0x0000000080300000|100%| O|  |TAMS 0x0000000080300000, 0x0000000080200000| Untracked 
|   3|0x0000000080300000, 0x0000000080400000, 0x0000000080400000|100%|HS|  |TAMS 0x0000000080400000, 0x0000000080300000| Complete 
|   4|0x0000000080400000, 0x0000000080500000, 0x0000000080500000|100%|HC|  |TAMS 0x0000000080500000, 0x0000000080400000| Complete 
|   5|0x0000000080500000, 0x0000000080600000, 0x0000000080600000|100%|HC|  |TAMS 0x0000000080600000, 0x0000000080500000| Complete 
|   6|0x0000000080600000, 0x0000000080700000, 0x0000000080700000|100%| O|  |TAMS 0x0000000080700000, 0x0000000080600000| Untracked 
|   7|0x0000000080700000, 0x0000000080800000, 0x0000000080800000|100%| O|  |TAMS 0x0000000080800000, 0x0000000080700000| Untracked 
|   8|0x0000000080800000, 0x0000000080900000, 0x0000000080900000|100%| O|  |TAMS 0x0000000080900000, 0x0000000080800000| Untracked 
|   9|0x0000000080900000, 0x0000000080a00000, 0x0000000080a00000|100%| O|  |TAMS 0x0000000080a00000, 0x0000000080900000| Untracked 
|  10|0x0000000080a00000, 0x0000000080b00000, 0x0000000080b00000|100%| O|  |TAMS 0x0000000080b00000, 0x0000000080a00000| Untracked 
|  11|0x0000000080b00000, 0x0000000080c00000, 0x0000000080c00000|100%| O|  |TAMS 0x0000000080c00000, 0x0000000080b00000| Untracked 
|  12|0x0000000080c00000, 0x0000000080d00000, 0x0000000080d00000|100%| O|  |TAMS 0x0000000080d00000, 0x0000000080c00000| Untracked 
|  13|0x0000000080d00000, 0x0000000080e00000, 0x0000000080e00000|100%| O|  |TAMS 0x0000000080e00000, 0x0000000080d00000| Untracked 
|  14|0x0000000080e00000, 0x0000000080f00000, 0x0000000080f00000|100%| O|  |TAMS 0x0000000080f00000, 0x0000000080e00000| Untracked 
|  15|0x0000000080f00000, 0x0000000081000000, 0x0000000081000000|100%| O|  |TAMS 0x0000000081000000, 0x0000000080f00000| Untracked 
|  16|0x0000000081000000, 0x0000000081100000, 0x0000000081100000|100%| O|  |TAMS 0x0000000081100000, 0x0000000081000000| Untracked 
|  17|0x0000000081100000, 0x0000000081200000, 0x0000000081200000|100%|HS|  |TAMS 0x0000000081200000, 0x0000000081100000| Complete 
|  18|0x0000000081200000, 0x0000000081300000, 0x0000000081300000|100%| O|  |TAMS 0x0000000081300000, 0x0000000081200000| Untracked 
|  19|0x0000000081300000, 0x0000000081400000, 0x0000000081400000|100%| O|  |TAMS 0x0000000081400000, 0x0000000081300000| Untracked 
|  20|0x0000000081400000, 0x0000000081500000, 0x0000000081500000|100%| O|  |TAMS 0x0000000081500000, 0x0000000081400000| Untracked 
|  21|0x0000000081500000, 0x0000000081600000, 0x0000000081600000|100%| O|  |TAMS 0x0000000081600000, 0x0000000081500000| Untracked 
|  22|0x0000000081600000, 0x0000000081700000, 0x0000000081700000|100%| O|  |TAMS 0x0000000081700000, 0x0000000081600000| Untracked 
|  23|0x0000000081700000, 0x0000000081800000, 0x0000000081800000|100%| O|  |TAMS 0x0000000081800000, 0x0000000081700000| Untracked 
|  24|0x0000000081800000, 0x0000000081900000, 0x0000000081900000|100%| O|  |TAMS 0x0000000081900000, 0x0000000081800000| Untracked 
|  25|0x0000000081900000, 0x0000000081a00000, 0x0000000081a00000|100%| O|  |TAMS 0x0000000081a00000, 0x0000000081900000| Untracked 
|  26|0x0000000081a00000, 0x0000000081b00000, 0x0000000081b00000|100%| O|  |TAMS 0x0000000081b00000, 0x0000000081a00000| Untracked 
|  27|0x0000000081b00000, 0x0000000081c00000, 0x0000000081c00000|100%| O|  |TAMS 0x0000000081c00000, 0x0000000081b00000| Untracked 
|  28|0x0000000081c00000, 0x0000000081d00000, 0x0000000081d00000|100%|HS|  |TAMS 0x0000000081d00000, 0x0000000081c00000| Complete 
|  29|0x0000000081d00000, 0x0000000081e00000, 0x0000000081e00000|100%|HS|  |TAMS 0x0000000081e00000, 0x0000000081d00000| Complete 
|  30|0x0000000081e00000, 0x0000000081f00000, 0x0000000081f00000|100%|HS|  |TAMS 0x0000000081f00000, 0x0000000081e00000| Complete 
|  31|0x0000000081f00000, 0x0000000082000000, 0x0000000082000000|100%|HC|  |TAMS 0x0000000082000000, 0x0000000081f00000| Complete 
|  32|0x0000000082000000, 0x0000000082000000, 0x0000000082100000|  0%| F|  |TAMS 0x0000000082000000, 0x0000000082000000| Untracked 
|  33|0x0000000082100000, 0x0000000082200000, 0x0000000082200000|100%| O|  |TAMS 0x0000000082200000, 0x0000000082100000| Untracked 
|  34|0x0000000082200000, 0x0000000082300000, 0x0000000082300000|100%| O|  |TAMS 0x0000000082300000, 0x0000000082200000| Untracked 
|  35|0x0000000082300000, 0x0000000082400000, 0x0000000082400000|100%| O|  |TAMS 0x0000000082400000, 0x0000000082300000| Untracked 
|  36|0x0000000082400000, 0x0000000082500000, 0x0000000082500000|100%| O|  |TAMS 0x0000000082500000, 0x0000000082400000| Untracked 
|  37|0x0000000082500000, 0x0000000082600000, 0x0000000082600000|100%| O|  |TAMS 0x0000000082600000, 0x0000000082500000| Untracked 
|  38|0x0000000082600000, 0x0000000082700000, 0x0000000082700000|100%| O|  |TAMS 0x0000000082700000, 0x0000000082600000| Untracked 
|  39|0x0000000082700000, 0x0000000082800000, 0x0000000082800000|100%| O|  |TAMS 0x0000000082800000, 0x0000000082700000| Untracked 
|  40|0x0000000082800000, 0x0000000082900000, 0x0000000082900000|100%| O|  |TAMS 0x0000000082900000, 0x0000000082800000| Untracked 
|  41|0x0000000082900000, 0x0000000082a00000, 0x0000000082a00000|100%| O|  |TAMS 0x0000000082a00000, 0x0000000082900000| Untracked 
|  42|0x0000000082a00000, 0x0000000082b00000, 0x0000000082b00000|100%| O|  |TAMS 0x0000000082b00000, 0x0000000082a00000| Untracked 
|  43|0x0000000082b00000, 0x0000000082c00000, 0x0000000082c00000|100%| O|  |TAMS 0x0000000082c00000, 0x0000000082b00000| Untracked 
|  44|0x0000000082c00000, 0x0000000082d00000, 0x0000000082d00000|100%| O|  |TAMS 0x0000000082d00000, 0x0000000082c00000| Untracked 
|  45|0x0000000082d00000, 0x0000000082e00000, 0x0000000082e00000|100%| O|  |TAMS 0x0000000082e00000, 0x0000000082d00000| Untracked 
|  46|0x0000000082e00000, 0x0000000082f00000, 0x0000000082f00000|100%| O|  |TAMS 0x0000000082f00000, 0x0000000082e00000| Untracked 
|  47|0x0000000082f00000, 0x0000000083000000, 0x0000000083000000|100%| O|  |TAMS 0x0000000083000000, 0x0000000082f00000| Untracked 
|  48|0x0000000083000000, 0x0000000083100000, 0x0000000083100000|100%| O|  |TAMS 0x0000000083100000, 0x0000000083000000| Untracked 
|  49|0x0000000083100000, 0x0000000083200000, 0x0000000083200000|100%| O|  |TAMS 0x0000000083200000, 0x0000000083100000| Untracked 
|  50|0x0000000083200000, 0x0000000083300000, 0x0000000083300000|100%| O|  |TAMS 0x0000000083300000, 0x0000000083200000| Untracked 
|  51|0x0000000083300000, 0x0000000083400000, 0x0000000083400000|100%| O|  |TAMS 0x0000000083400000, 0x0000000083300000| Untracked 
|  52|0x0000000083400000, 0x0000000083500000, 0x0000000083500000|100%| O|  |TAMS 0x0000000083500000, 0x0000000083400000| Untracked 
|  53|0x0000000083500000, 0x0000000083600000, 0x0000000083600000|100%| O|  |TAMS 0x0000000083600000, 0x0000000083500000| Untracked 
|  54|0x0000000083600000, 0x0000000083700000, 0x0000000083700000|100%| O|  |TAMS 0x0000000083700000, 0x0000000083600000| Untracked 
|  55|0x0000000083700000, 0x0000000083800000, 0x0000000083800000|100%| O|  |TAMS 0x0000000083800000, 0x0000000083700000| Untracked 
|  56|0x0000000083800000, 0x0000000083900000, 0x0000000083900000|100%| O|  |TAMS 0x0000000083900000, 0x0000000083800000| Untracked 
|  57|0x0000000083900000, 0x0000000083a00000, 0x0000000083a00000|100%| O|  |TAMS 0x0000000083a00000, 0x0000000083900000| Untracked 
|  58|0x0000000083a00000, 0x0000000083b00000, 0x0000000083b00000|100%| O|  |TAMS 0x0000000083b00000, 0x0000000083a00000| Untracked 
|  59|0x0000000083b00000, 0x0000000083b00000, 0x0000000083c00000|  0%| F|  |TAMS 0x0000000083b00000, 0x0000000083b00000| Untracked 
|  60|0x0000000083c00000, 0x0000000083d00000, 0x0000000083d00000|100%| O|  |TAMS 0x0000000083d00000, 0x0000000083c00000| Untracked 
|  61|0x0000000083d00000, 0x0000000083e00000, 0x0000000083e00000|100%| O|  |TAMS 0x0000000083e00000, 0x0000000083d00000| Untracked 
|  62|0x0000000083e00000, 0x0000000083f00000, 0x0000000083f00000|100%| O|  |TAMS 0x0000000083f00000, 0x0000000083e00000| Untracked 
|  63|0x0000000083f00000, 0x0000000084000000, 0x0000000084000000|100%| O|  |TAMS 0x0000000084000000, 0x0000000083f00000| Untracked 
|  64|0x0000000084000000, 0x0000000084100000, 0x0000000084100000|100%| O|  |TAMS 0x0000000084100000, 0x0000000084000000| Untracked 
|  65|0x0000000084100000, 0x0000000084200000, 0x0000000084200000|100%| O|  |TAMS 0x0000000084200000, 0x0000000084100000| Untracked 
|  66|0x0000000084200000, 0x0000000084300000, 0x0000000084300000|100%| O|  |TAMS 0x0000000084300000, 0x0000000084200000| Untracked 
|  67|0x0000000084300000, 0x0000000084400000, 0x0000000084400000|100%| O|  |TAMS 0x0000000084400000, 0x0000000084300000| Untracked 
|  68|0x0000000084400000, 0x0000000084400000, 0x0000000084500000|  0%| F|  |TAMS 0x0000000084400000, 0x0000000084400000| Untracked 
|  69|0x0000000084500000, 0x0000000084600000, 0x0000000084600000|100%| O|  |TAMS 0x0000000084600000, 0x0000000084500000| Untracked 
|  70|0x0000000084600000, 0x0000000084700000, 0x0000000084700000|100%| O|  |TAMS 0x0000000084700000, 0x0000000084600000| Untracked 
|  71|0x0000000084700000, 0x0000000084700000, 0x0000000084800000|  0%| F|  |TAMS 0x0000000084700000, 0x0000000084700000| Untracked 
|  72|0x0000000084800000, 0x0000000084900000, 0x0000000084900000|100%| O|  |TAMS 0x0000000084900000, 0x0000000084800000| Untracked 
|  73|0x0000000084900000, 0x0000000084900000, 0x0000000084a00000|  0%| F|  |TAMS 0x0000000084900000, 0x0000000084900000| Untracked 
|  74|0x0000000084a00000, 0x0000000084a00000, 0x0000000084b00000|  0%| F|  |TAMS 0x0000000084a00000, 0x0000000084a00000| Untracked 
|  75|0x0000000084b00000, 0x0000000084c00000, 0x0000000084c00000|100%| O|  |TAMS 0x0000000084c00000, 0x0000000084b00000| Untracked 
|  76|0x0000000084c00000, 0x0000000084d00000, 0x0000000084d00000|100%| O|  |TAMS 0x0000000084d00000, 0x0000000084c00000| Untracked 
|  77|0x0000000084d00000, 0x0000000084e00000, 0x0000000084e00000|100%| O|  |TAMS 0x0000000084e00000, 0x0000000084d00000| Untracked 
|  78|0x0000000084e00000, 0x0000000084f00000, 0x0000000084f00000|100%| O|  |TAMS 0x0000000084f00000, 0x0000000084e00000| Untracked 
|  79|0x0000000084f00000, 0x0000000085000000, 0x0000000085000000|100%| O|  |TAMS 0x0000000085000000, 0x0000000084f00000| Untracked 
|  80|0x0000000085000000, 0x0000000085100000, 0x0000000085100000|100%| O|  |TAMS 0x0000000085082e00, 0x0000000085000000| Untracked 
|  81|0x0000000085100000, 0x0000000085200000, 0x0000000085200000|100%| O|  |TAMS 0x0000000085200000, 0x0000000085100000| Untracked 
|  82|0x0000000085200000, 0x0000000085200000, 0x0000000085300000|  0%| F|  |TAMS 0x0000000085200000, 0x0000000085200000| Untracked 
|  83|0x0000000085300000, 0x0000000085400000, 0x0000000085400000|100%| O|  |TAMS 0x0000000085300000, 0x0000000085300000| Untracked 
|  84|0x0000000085400000, 0x0000000085400000, 0x0000000085500000|  0%| F|  |TAMS 0x0000000085400000, 0x0000000085400000| Untracked 
|  85|0x0000000085500000, 0x0000000085500000, 0x0000000085600000|  0%| F|  |TAMS 0x0000000085500000, 0x0000000085500000| Untracked 
|  86|0x0000000085600000, 0x0000000085700000, 0x0000000085700000|100%| O|  |TAMS 0x0000000085700000, 0x0000000085600000| Untracked 
|  87|0x0000000085700000, 0x0000000085700000, 0x0000000085800000|  0%| F|  |TAMS 0x0000000085700000, 0x0000000085700000| Untracked 
|  88|0x0000000085800000, 0x0000000085900000, 0x0000000085900000|100%| O|  |TAMS 0x0000000085900000, 0x0000000085800000| Untracked 
|  89|0x0000000085900000, 0x0000000085a00000, 0x0000000085a00000|100%| O|  |TAMS 0x0000000085a00000, 0x0000000085900000| Untracked 
|  90|0x0000000085a00000, 0x0000000085a00000, 0x0000000085b00000|  0%| F|  |TAMS 0x0000000085a00000, 0x0000000085a00000| Untracked 
|  91|0x0000000085b00000, 0x0000000085c00000, 0x0000000085c00000|100%| O|  |TAMS 0x0000000085b00000, 0x0000000085b00000| Untracked 
|  92|0x0000000085c00000, 0x0000000085d00000, 0x0000000085d00000|100%| O|  |TAMS 0x0000000085c00000, 0x0000000085c00000| Untracked 
|  93|0x0000000085d00000, 0x0000000085d92e00, 0x0000000085e00000| 57%| O|  |TAMS 0x0000000085d00000, 0x0000000085d00000| Untracked 
|  94|0x0000000085e00000, 0x0000000085e00000, 0x0000000085f00000|  0%| F|  |TAMS 0x0000000085e00000, 0x0000000085e00000| Untracked 
|  95|0x0000000085f00000, 0x0000000085f00000, 0x0000000086000000|  0%| F|  |TAMS 0x0000000085f00000, 0x0000000085f00000| Untracked 
|  96|0x0000000086000000, 0x0000000086000000, 0x0000000086100000|  0%| F|  |TAMS 0x0000000086000000, 0x0000000086000000| Untracked 
|  97|0x0000000086100000, 0x0000000086100000, 0x0000000086200000|  0%| F|  |TAMS 0x0000000086100000, 0x0000000086100000| Untracked 
|  98|0x0000000086200000, 0x0000000086200000, 0x0000000086300000|  0%| F|  |TAMS 0x0000000086200000, 0x0000000086200000| Untracked 
|  99|0x0000000086300000, 0x0000000086300000, 0x0000000086400000|  0%| F|  |TAMS 0x0000000086300000, 0x0000000086300000| Untracked 
| 100|0x0000000086400000, 0x0000000086400000, 0x0000000086500000|  0%| F|  |TAMS 0x0000000086400000, 0x0000000086400000| Untracked 
| 101|0x0000000086500000, 0x0000000086500000, 0x0000000086600000|  0%| F|  |TAMS 0x0000000086500000, 0x0000000086500000| Untracked 
| 102|0x0000000086600000, 0x0000000086600000, 0x0000000086700000|  0%| F|  |TAMS 0x0000000086600000, 0x0000000086600000| Untracked 
| 103|0x0000000086700000, 0x0000000086700000, 0x0000000086800000|  0%| F|  |TAMS 0x0000000086700000, 0x0000000086700000| Untracked 
| 104|0x0000000086800000, 0x0000000086800000, 0x0000000086900000|  0%| F|  |TAMS 0x0000000086800000, 0x0000000086800000| Untracked 
| 105|0x0000000086900000, 0x0000000086900000, 0x0000000086a00000|  0%| F|  |TAMS 0x0000000086900000, 0x0000000086900000| Untracked 
| 106|0x0000000086a00000, 0x0000000086a00000, 0x0000000086b00000|  0%| F|  |TAMS 0x0000000086a00000, 0x0000000086a00000| Untracked 
| 107|0x0000000086b00000, 0x0000000086b00000, 0x0000000086c00000|  0%| F|  |TAMS 0x0000000086b00000, 0x0000000086b00000| Untracked 
| 108|0x0000000086c00000, 0x0000000086c00000, 0x0000000086d00000|  0%| F|  |TAMS 0x0000000086c00000, 0x0000000086c00000| Untracked 
| 109|0x0000000086d00000, 0x0000000086d00000, 0x0000000086e00000|  0%| F|  |TAMS 0x0000000086d00000, 0x0000000086d00000| Untracked 
| 110|0x0000000086e00000, 0x0000000086e00000, 0x0000000086f00000|  0%| F|  |TAMS 0x0000000086e00000, 0x0000000086e00000| Untracked 
| 111|0x0000000086f00000, 0x0000000086f00000, 0x0000000087000000|  0%| F|  |TAMS 0x0000000086f00000, 0x0000000086f00000| Untracked 
| 112|0x0000000087000000, 0x0000000087000000, 0x0000000087100000|  0%| F|  |TAMS 0x0000000087000000, 0x0000000087000000| Untracked 
| 113|0x0000000087100000, 0x0000000087100000, 0x0000000087200000|  0%| F|  |TAMS 0x0000000087100000, 0x0000000087100000| Untracked 
| 114|0x0000000087200000, 0x0000000087200000, 0x0000000087300000|  0%| F|  |TAMS 0x0000000087200000, 0x0000000087200000| Untracked 
| 115|0x0000000087300000, 0x0000000087300000, 0x0000000087400000|  0%| F|  |TAMS 0x0000000087300000, 0x0000000087300000| Untracked 
| 116|0x0000000087400000, 0x0000000087400000, 0x0000000087500000|  0%| F|  |TAMS 0x0000000087400000, 0x0000000087400000| Untracked 
| 117|0x0000000087500000, 0x0000000087500000, 0x0000000087600000|  0%| F|  |TAMS 0x0000000087500000, 0x0000000087500000| Untracked 
| 118|0x0000000087600000, 0x0000000087600000, 0x0000000087700000|  0%| F|  |TAMS 0x0000000087600000, 0x0000000087600000| Untracked 
| 119|0x0000000087700000, 0x0000000087700000, 0x0000000087800000|  0%| F|  |TAMS 0x0000000087700000, 0x0000000087700000| Untracked 
| 120|0x0000000087800000, 0x0000000087800000, 0x0000000087900000|  0%| F|  |TAMS 0x0000000087800000, 0x0000000087800000| Untracked 
| 121|0x0000000087900000, 0x0000000087900000, 0x0000000087a00000|  0%| F|  |TAMS 0x0000000087900000, 0x0000000087900000| Untracked 
| 122|0x0000000087a00000, 0x0000000087a00000, 0x0000000087b00000|  0%| F|  |TAMS 0x0000000087a00000, 0x0000000087a00000| Untracked 
| 123|0x0000000087b00000, 0x0000000087b00000, 0x0000000087c00000|  0%| F|  |TAMS 0x0000000087b00000, 0x0000000087b00000| Untracked 
| 124|0x0000000087c00000, 0x0000000087c00000, 0x0000000087d00000|  0%| F|  |TAMS 0x0000000087c00000, 0x0000000087c00000| Untracked 
| 125|0x0000000087d00000, 0x0000000087d00000, 0x0000000087e00000|  0%| F|  |TAMS 0x0000000087d00000, 0x0000000087d00000| Untracked 
| 126|0x0000000087e00000, 0x0000000087e00000, 0x0000000087f00000|  0%| F|  |TAMS 0x0000000087e00000, 0x0000000087e00000| Untracked 
| 127|0x0000000087f00000, 0x0000000087f00000, 0x0000000088000000|  0%| F|  |TAMS 0x0000000087f00000, 0x0000000087f00000| Untracked 
| 128|0x0000000088000000, 0x0000000088000000, 0x0000000088100000|  0%| F|  |TAMS 0x0000000088000000, 0x0000000088000000| Untracked 
| 129|0x0000000088100000, 0x0000000088100000, 0x0000000088200000|  0%| F|  |TAMS 0x0000000088100000, 0x0000000088100000| Untracked 
| 130|0x0000000088200000, 0x0000000088200000, 0x0000000088300000|  0%| F|  |TAMS 0x0000000088200000, 0x0000000088200000| Untracked 
| 131|0x0000000088300000, 0x00000000883ce450, 0x0000000088400000| 80%| E|  |TAMS 0x0000000088300000, 0x0000000088300000| Complete 
| 132|0x0000000088400000, 0x0000000088500000, 0x0000000088500000|100%| E|CS|TAMS 0x0000000088400000, 0x0000000088400000| Complete 
| 133|0x0000000088500000, 0x0000000088600000, 0x0000000088600000|100%| E|CS|TAMS 0x0000000088500000, 0x0000000088500000| Complete 
| 134|0x0000000088600000, 0x0000000088700000, 0x0000000088700000|100%| E|CS|TAMS 0x0000000088600000, 0x0000000088600000| Complete 
| 135|0x0000000088700000, 0x0000000088800000, 0x0000000088800000|100%| E|CS|TAMS 0x0000000088700000, 0x0000000088700000| Complete 
| 136|0x0000000088800000, 0x0000000088900000, 0x0000000088900000|100%| E|CS|TAMS 0x0000000088800000, 0x0000000088800000| Complete 
| 137|0x0000000088900000, 0x0000000088a00000, 0x0000000088a00000|100%| E|CS|TAMS 0x0000000088900000, 0x0000000088900000| Complete 
| 138|0x0000000088a00000, 0x0000000088b00000, 0x0000000088b00000|100%| E|CS|TAMS 0x0000000088a00000, 0x0000000088a00000| Complete 
| 139|0x0000000088b00000, 0x0000000088c00000, 0x0000000088c00000|100%| E|CS|TAMS 0x0000000088b00000, 0x0000000088b00000| Complete 
| 140|0x0000000088c00000, 0x0000000088d00000, 0x0000000088d00000|100%| E|CS|TAMS 0x0000000088c00000, 0x0000000088c00000| Complete 
| 141|0x0000000088d00000, 0x0000000088e00000, 0x0000000088e00000|100%| E|CS|TAMS 0x0000000088d00000, 0x0000000088d00000| Complete 
| 142|0x0000000088e00000, 0x0000000088f00000, 0x0000000088f00000|100%| E|CS|TAMS 0x0000000088e00000, 0x0000000088e00000| Complete 
| 143|0x0000000088f00000, 0x0000000089000000, 0x0000000089000000|100%| E|CS|TAMS 0x0000000088f00000, 0x0000000088f00000| Complete 
| 144|0x0000000089000000, 0x0000000089100000, 0x0000000089100000|100%| E|CS|TAMS 0x0000000089000000, 0x0000000089000000| Complete 
| 145|0x0000000089100000, 0x0000000089200000, 0x0000000089200000|100%| E|CS|TAMS 0x0000000089100000, 0x0000000089100000| Complete 
| 146|0x0000000089200000, 0x0000000089300000, 0x0000000089300000|100%| E|CS|TAMS 0x0000000089200000, 0x0000000089200000| Complete 
| 147|0x0000000089300000, 0x0000000089400000, 0x0000000089400000|100%| E|CS|TAMS 0x0000000089300000, 0x0000000089300000| Complete 
| 148|0x0000000089400000, 0x0000000089500000, 0x0000000089500000|100%| E|CS|TAMS 0x0000000089400000, 0x0000000089400000| Complete 
| 149|0x0000000089500000, 0x0000000089600000, 0x0000000089600000|100%| E|CS|TAMS 0x0000000089500000, 0x0000000089500000| Complete 
| 150|0x0000000089600000, 0x0000000089700000, 0x0000000089700000|100%| E|CS|TAMS 0x0000000089600000, 0x0000000089600000| Complete 
| 151|0x0000000089700000, 0x0000000089800000, 0x0000000089800000|100%| E|CS|TAMS 0x0000000089700000, 0x0000000089700000| Complete 
| 152|0x0000000089800000, 0x0000000089900000, 0x0000000089900000|100%| E|CS|TAMS 0x0000000089800000, 0x0000000089800000| Complete 
| 153|0x0000000089900000, 0x0000000089a00000, 0x0000000089a00000|100%| E|CS|TAMS 0x0000000089900000, 0x0000000089900000| Complete 
| 154|0x0000000089a00000, 0x0000000089b00000, 0x0000000089b00000|100%| E|CS|TAMS 0x0000000089a00000, 0x0000000089a00000| Complete 
| 155|0x0000000089b00000, 0x0000000089c00000, 0x0000000089c00000|100%| E|CS|TAMS 0x0000000089b00000, 0x0000000089b00000| Complete 
| 156|0x0000000089c00000, 0x0000000089d00000, 0x0000000089d00000|100%| E|CS|TAMS 0x0000000089c00000, 0x0000000089c00000| Complete 
| 157|0x0000000089d00000, 0x0000000089e00000, 0x0000000089e00000|100%| E|CS|TAMS 0x0000000089d00000, 0x0000000089d00000| Complete 
| 158|0x0000000089e00000, 0x0000000089f00000, 0x0000000089f00000|100%| E|CS|TAMS 0x0000000089e00000, 0x0000000089e00000| Complete 
| 159|0x0000000089f00000, 0x000000008a000000, 0x000000008a000000|100%| E|CS|TAMS 0x0000000089f00000, 0x0000000089f00000| Complete 
| 160|0x000000008a000000, 0x000000008a100000, 0x000000008a100000|100%| E|CS|TAMS 0x000000008a000000, 0x000000008a000000| Complete 
| 161|0x000000008a100000, 0x000000008a200000, 0x000000008a200000|100%| E|CS|TAMS 0x000000008a100000, 0x000000008a100000| Complete 
| 162|0x000000008a200000, 0x000000008a300000, 0x000000008a300000|100%| E|  |TAMS 0x000000008a200000, 0x000000008a200000| Complete 
| 163|0x000000008a300000, 0x000000008a400000, 0x000000008a400000|100%| E|CS|TAMS 0x000000008a300000, 0x000000008a300000| Complete 
| 164|0x000000008a400000, 0x000000008a500000, 0x000000008a500000|100%| E|CS|TAMS 0x000000008a400000, 0x000000008a400000| Complete 
| 165|0x000000008a500000, 0x000000008a600000, 0x000000008a600000|100%| E|CS|TAMS 0x000000008a500000, 0x000000008a500000| Complete 
| 166|0x000000008a600000, 0x000000008a700000, 0x000000008a700000|100%| E|CS|TAMS 0x000000008a600000, 0x000000008a600000| Complete 
| 167|0x000000008a700000, 0x000000008a800000, 0x000000008a800000|100%| E|CS|TAMS 0x000000008a700000, 0x000000008a700000| Complete 
| 168|0x000000008a800000, 0x000000008a900000, 0x000000008a900000|100%| E|CS|TAMS 0x000000008a800000, 0x000000008a800000| Complete 
| 169|0x000000008a900000, 0x000000008aa00000, 0x000000008aa00000|100%| S|CS|TAMS 0x000000008a900000, 0x000000008a900000| Complete 
| 170|0x000000008aa00000, 0x000000008ab00000, 0x000000008ab00000|100%| E|CS|TAMS 0x000000008aa00000, 0x000000008aa00000| Complete 
| 171|0x000000008ab00000, 0x000000008ac00000, 0x000000008ac00000|100%| E|CS|TAMS 0x000000008ab00000, 0x000000008ab00000| Complete 
| 172|0x000000008ac00000, 0x000000008ad00000, 0x000000008ad00000|100%| E|CS|TAMS 0x000000008ac00000, 0x000000008ac00000| Complete 
| 173|0x000000008ad00000, 0x000000008ae00000, 0x000000008ae00000|100%| E|CS|TAMS 0x000000008ad00000, 0x000000008ad00000| Complete 
| 174|0x000000008ae00000, 0x000000008af00000, 0x000000008af00000|100%| E|CS|TAMS 0x000000008ae00000, 0x000000008ae00000| Complete 
| 175|0x000000008af00000, 0x000000008b000000, 0x000000008b000000|100%| E|CS|TAMS 0x000000008af00000, 0x000000008af00000| Complete 
| 176|0x000000008b000000, 0x000000008b100000, 0x000000008b100000|100%| E|CS|TAMS 0x000000008b000000, 0x000000008b000000| Complete 

Card table byte_map: [0x000001c117130000,0x000001c117530000] _byte_map_base: 0x000001c116d30000

Marking Bits (Prev, Next): (CMBitMap*) 0x000001c103c49f40, (CMBitMap*) 0x000001c103c49f08
 Prev Bits: [0x000001c119930000, 0x000001c11b930000)
 Next Bits: [0x000001c117930000, 0x000001c119930000)

Polling page: 0x000001c102360000

Metaspace:

Usage:
  Non-class:     81.91 MB capacity,    80.48 MB ( 98%) used,     1.14 MB (  1%) free+waste,   291.56 KB ( <1%) overhead. 
      Class:     12.61 MB capacity,    11.69 MB ( 93%) used,   812.46 KB (  6%) free+waste,   128.75 KB ( <1%) overhead. 
       Both:     94.51 MB capacity,    92.16 MB ( 98%) used,     1.94 MB (  2%) free+waste,   420.31 KB ( <1%) overhead. 

Virtual space:
  Non-class space:       82.00 MB reserved,      82.00 MB (100%) committed 
      Class space:        1.00 GB reserved,      12.63 MB (  1%) committed 
             Both:        1.08 GB reserved,      94.63 MB (  9%) committed 

Chunk freelists:
   Non-Class:  33.00 KB
       Class:  20.00 KB
        Both:  53.00 KB

MaxMetaspaceSize: 17179869184.00 GB
CompressedClassSpaceSize: 1.00 GB

CodeHeap 'non-profiled nmethods': size=120064Kb used=9876Kb max_used=9876Kb free=110187Kb
 bounds [0x000001c10f1d0000, 0x000001c10fb80000, 0x000001c116710000]
CodeHeap 'profiled nmethods': size=120000Kb used=32926Kb max_used=32926Kb free=87073Kb
 bounds [0x000001c107ca0000, 0x000001c109cd0000, 0x000001c10f1d0000]
CodeHeap 'non-nmethods': size=5696Kb used=2305Kb max_used=2388Kb free=3390Kb
 bounds [0x000001c107710000, 0x000001c107980000, 0x000001c107ca0000]
 total_blobs=15820 nmethods=14903 adapters=828
 compilation: enabled
              stopped_count=0, restarted_count=0
 full_count=0

Compilation events (20 events):
Event: 1779.976 Thread 0x000001c11df33800 14950       3       com.google.common.collect.HashBiMap::rehashIfNecessary (87 bytes)
Event: 1779.977 Thread 0x000001c11df33800 nmethod 14950 0x000001c109cc1090 code [0x000001c109cc12a0, 0x000001c109cc18e8]
Event: 1779.977 Thread 0x000001c11df33800 14948       3       com.google.common.collect.HashBiMap::seekByValue (47 bytes)
Event: 1779.977 Thread 0x000001c11df33800 nmethod 14948 0x000001c109cc1b10 code [0x000001c109cc1d00, 0x000001c109cc2188]
Event: 1779.977 Thread 0x000001c11df33800 14944       3       com.google.common.collect.HashBiMap::get (13 bytes)
Event: 1779.977 Thread 0x000001c11df33800 nmethod 14944 0x000001c109cc2390 code [0x000001c109cc2580, 0x000001c109cc2ab8]
Event: 1779.977 Thread 0x000001c11df33800 14945       3       com.google.common.collect.Maps::valueOrNull (15 bytes)
Event: 1779.977 Thread 0x000001c11df33800 nmethod 14945 0x000001c109cc2c90 code [0x000001c109cc2e60, 0x000001c109cc3068]
Event: 1779.977 Thread 0x000001c11df33800 14947       3       com.google.common.collect.HashBiMap::put (188 bytes)
Event: 1779.979 Thread 0x000001c11df33800 nmethod 14947 0x000001c109cc3110 code [0x000001c109cc3500, 0x000001c109cc4f18]
Event: 1779.979 Thread 0x000001c11df33800 14952       3       org.gradle.api.internal.tasks.compile.incremental.serialization.HierarchicalNameSerializer::read (20 bytes)
Event: 1779.980 Thread 0x000001c11df33800 nmethod 14952 0x000001c109cc5910 code [0x000001c109cc5ae0, 0x000001c109cc5db8]
Event: 1779.980 Thread 0x000001c11df33800 14943       3       org.gradle.api.internal.tasks.compile.incremental.serialization.HierarchicalNameSerializer::readFirstOccurrenceOfName (60 bytes)
Event: 1779.980 Thread 0x000001c11df33800 nmethod 14943 0x000001c109cc5f10 code [0x000001c109cc61c0, 0x000001c109cc6c38]
Event: 1779.980 Thread 0x000001c11df33800 14946       3       com.google.common.collect.HashBiMap::put (8 bytes)
Event: 1779.980 Thread 0x000001c11df33800 nmethod 14946 0x000001c109cc7010 code [0x000001c109cc71c0, 0x000001c109cc72e8]
Event: 1779.980 Thread 0x000001c11df33800 14949       3       com.google.common.collect.HashBiMap$BiEntry::<init> (18 bytes)
Event: 1779.980 Thread 0x000001c11df33800 nmethod 14949 0x000001c109cc7390 code [0x000001c109cc7560, 0x000001c109cc7838]
Event: 1779.980 Thread 0x000001c11df33800 14953       1       com.google.common.collect.RegularImmutableSet::isPartialView (2 bytes)
Event: 1779.981 Thread 0x000001c11df33800 nmethod 14953 0x000001c10fb74f10 code [0x000001c10fb750c0, 0x000001c10fb75178]

GC Heap History (20 events):
Event: 21.432 GC heap before
{Heap before GC invocations=17 (full 0):
 garbage-first heap   total 181248K, used 133395K [0x0000000080000000, 0x0000000100000000)
  region size 1024K, 81 young (82944K), 10 survivors (10240K)
 Metaspace       used 80575K, capacity 82658K, committed 82816K, reserved 1120256K
  class space    used 10557K, capacity 11350K, committed 11392K, reserved 1048576K
}
Event: 21.453 GC heap after
{Heap after GC invocations=18 (full 0):
 garbage-first heap   total 181248K, used 66729K [0x0000000080000000, 0x0000000100000000)
  region size 1024K, 10 young (10240K), 10 survivors (10240K)
 Metaspace       used 80575K, capacity 82658K, committed 82816K, reserved 1120256K
  class space    used 10557K, capacity 11350K, committed 11392K, reserved 1048576K
}
Event: 23.159 GC heap before
{Heap before GC invocations=18 (full 0):
 garbage-first heap   total 181248K, used 137385K [0x0000000080000000, 0x0000000100000000)
  region size 1024K, 80 young (81920K), 10 survivors (10240K)
 Metaspace       used 83706K, capacity 85765K, committed 85888K, reserved 1124352K
  class space    used 10852K, capacity 11618K, committed 11648K, reserved 1048576K
}
Event: 23.183 GC heap after
{Heap after GC invocations=19 (full 0):
 garbage-first heap   total 181248K, used 70656K [0x0000000080000000, 0x0000000100000000)
  region size 1024K, 9 young (9216K), 9 survivors (9216K)
 Metaspace       used 83706K, capacity 85765K, committed 85888K, reserved 1124352K
  class space    used 10852K, capacity 11618K, committed 11648K, reserved 1048576K
}
Event: 366.556 GC heap before
{Heap before GC invocations=19 (full 0):
 garbage-first heap   total 181248K, used 140288K [0x0000000080000000, 0x0000000100000000)
  region size 1024K, 78 young (79872K), 9 survivors (9216K)
 Metaspace       used 85105K, capacity 87280K, committed 87424K, reserved 1124352K
  class space    used 10985K, capacity 11805K, committed 11904K, reserved 1048576K
}
Event: 366.587 GC heap after
{Heap after GC invocations=20 (full 0):
 garbage-first heap   total 181248K, used 75025K [0x0000000080000000, 0x0000000100000000)
  region size 1024K, 9 young (9216K), 9 survivors (9216K)
 Metaspace       used 85105K, capacity 87280K, committed 87424K, reserved 1124352K
  class space    used 10985K, capacity 11805K, committed 11904K, reserved 1048576K
}
Event: 367.561 GC heap before
{Heap before GC invocations=20 (full 0):
 garbage-first heap   total 181248K, used 142609K [0x0000000080000000, 0x0000000100000000)
  region size 1024K, 76 young (77824K), 9 survivors (9216K)
 Metaspace       used 87647K, capacity 89818K, committed 89984K, reserved 1126400K
  class space    used 11273K, capacity 12074K, committed 12160K, reserved 1048576K
}
Event: 367.585 GC heap after
{Heap after GC invocations=21 (full 0):
 garbage-first heap   total 181248K, used 79319K [0x0000000080000000, 0x0000000100000000)
  region size 1024K, 9 young (9216K), 9 survivors (9216K)
 Metaspace       used 87647K, capacity 89818K, committed 89984K, reserved 1126400K
  class space    used 11273K, capacity 12074K, committed 12160K, reserved 1048576K
}
Event: 371.298 GC heap before
{Heap before GC invocations=21 (full 0):
 garbage-first heap   total 181248K, used 144855K [0x0000000080000000, 0x0000000100000000)
  region size 1024K, 74 young (75776K), 9 survivors (9216K)
 Metaspace       used 90573K, capacity 92833K, committed 92928K, reserved 1130496K
  class space    used 11609K, capacity 12475K, committed 12544K, reserved 1048576K
}
Event: 371.327 GC heap after
{Heap after GC invocations=22 (full 0):
 garbage-first heap   total 181248K, used 86619K [0x0000000080000000, 0x0000000100000000)
  region size 1024K, 10 young (10240K), 10 survivors (10240K)
 Metaspace       used 90573K, capacity 92833K, committed 92928K, reserved 1130496K
  class space    used 11609K, capacity 12475K, committed 12544K, reserved 1048576K
}
Event: 371.899 GC heap before
{Heap before GC invocations=22 (full 0):
 garbage-first heap   total 181248K, used 135771K [0x0000000080000000, 0x0000000100000000)
  region size 1024K, 54 young (55296K), 10 survivors (10240K)
 Metaspace       used 92540K, capacity 94831K, committed 94976K, reserved 1132544K
  class space    used 11845K, capacity 12730K, committed 12800K, reserved 1048576K
}
Event: 371.944 GC heap after
{Heap after GC invocations=23 (full 0):
 garbage-first heap   total 181248K, used 95228K [0x0000000080000000, 0x0000000100000000)
  region size 1024K, 2 young (2048K), 2 survivors (2048K)
 Metaspace       used 92540K, capacity 94831K, committed 94976K, reserved 1132544K
  class space    used 11845K, capacity 12730K, committed 12800K, reserved 1048576K
}
Event: 617.934 GC heap before
{Heap before GC invocations=24 (full 0):
 garbage-first heap   total 181248K, used 148476K [0x0000000080000000, 0x0000000100000000)
  region size 1024K, 51 young (52224K), 2 survivors (2048K)
 Metaspace       used 93122K, capacity 95515K, committed 95744K, reserved 1132544K
  class space    used 11878K, capacity 12765K, committed 12800K, reserved 1048576K
}
Event: 617.950 GC heap after
{Heap after GC invocations=25 (full 0):
 garbage-first heap   total 181248K, used 93063K [0x0000000080000000, 0x0000000100000000)
  region size 1024K, 6 young (6144K), 6 survivors (6144K)
 Metaspace       used 93122K, capacity 95515K, committed 95744K, reserved 1132544K
  class space    used 11878K, capacity 12765K, committed 12800K, reserved 1048576K
}
Event: 619.908 GC heap before
{Heap before GC invocations=25 (full 0):
 garbage-first heap   total 181248K, used 143239K [0x0000000080000000, 0x0000000100000000)
  region size 1024K, 56 young (57344K), 6 survivors (6144K)
 Metaspace       used 93348K, capacity 95676K, committed 95744K, reserved 1132544K
  class space    used 11893K, capacity 12794K, committed 12800K, reserved 1048576K
}
Event: 619.938 GC heap after
{Heap after GC invocations=26 (full 0):
 garbage-first heap   total 181248K, used 99086K [0x0000000080000000, 0x0000000100000000)
  region size 1024K, 7 young (7168K), 7 survivors (7168K)
 Metaspace       used 93348K, capacity 95676K, committed 95744K, reserved 1132544K
  class space    used 11893K, capacity 12794K, committed 12800K, reserved 1048576K
}
Event: 1614.071 GC heap before
{Heap before GC invocations=27 (full 0):
 garbage-first heap   total 181248K, used 154382K [0x0000000080000000, 0x0000000100000000)
  region size 1024K, 53 young (54272K), 7 survivors (7168K)
 Metaspace       used 93548K, capacity 95887K, committed 96000K, reserved 1132544K
  class space    used 11895K, capacity 12796K, committed 12800K, reserved 1048576K
}
Event: 1614.155 GC heap after
{Heap after GC invocations=28 (full 0):
 garbage-first heap   total 181248K, used 94208K [0x0000000080000000, 0x0000000100000000)
  region size 1024K, 1 young (1024K), 1 survivors (1024K)
 Metaspace       used 93548K, capacity 95887K, committed 96000K, reserved 1132544K
  class space    used 11895K, capacity 12796K, committed 12800K, reserved 1048576K
}
Event: 1778.308 GC heap before
{Heap before GC invocations=28 (full 0):
 garbage-first heap   total 181248K, used 101376K [0x0000000080000000, 0x0000000100000000)
  region size 1024K, 8 young (8192K), 1 survivors (1024K)
 Metaspace       used 93598K, capacity 95914K, committed 96128K, reserved 1132544K
  class space    used 11898K, capacity 12802K, committed 12928K, reserved 1048576K
}
Event: 1778.380 GC heap after
{Heap after GC invocations=29 (full 0):
 garbage-first heap   total 181248K, used 85579K [0x0000000080000000, 0x0000000100000000)
  region size 1024K, 1 young (1024K), 1 survivors (1024K)
 Metaspace       used 93598K, capacity 95914K, committed 96128K, reserved 1132544K
  class space    used 11898K, capacity 12802K, committed 12928K, reserved 1048576K
}

Deoptimization events (20 events):
Event: 620.448 Thread 0x000001c12b744000 DEOPT PACKING pc=0x000001c10f6ab5b0 sp=0x0000001bc3cfe930
Event: 620.448 Thread 0x000001c12b744000 DEOPT UNPACKING pc=0x000001c10773662f sp=0x0000001bc3cfe8e8 mode 2
Event: 1778.262 Thread 0x000001c12b742800 Uncommon trap: trap_request=0xffffffde fr.pc=0x000001c10f7d8924 relative=0x00000000000005e4
Event: 1778.262 Thread 0x000001c12b742800 Uncommon trap: reason=class_check action=maybe_recompile pc=0x000001c10f7d8924 method=org.gradle.cache.internal.LockOnDemandCrossProcessCacheAccess.incrementLockCount()V @ 97 c2
Event: 1778.262 Thread 0x000001c12b742800 DEOPT PACKING pc=0x000001c10f7d8924 sp=0x0000001bc3cf7290
Event: 1778.263 Thread 0x000001c12b742800 DEOPT UNPACKING pc=0x000001c10773662f sp=0x0000001bc3cf7240 mode 2
Event: 1779.239 Thread 0x000001c12b742800 DEOPT PACKING pc=0x000001c10814d0f9 sp=0x0000001bc3cf93a0
Event: 1779.239 Thread 0x000001c12b742800 DEOPT UNPACKING pc=0x000001c107736dde sp=0x0000001bc3cf8868 mode 0
Event: 1779.343 Thread 0x000001c12b742800 DEOPT PACKING pc=0x000001c10951e3b0 sp=0x0000001bc3cf9650
Event: 1779.343 Thread 0x000001c12b742800 DEOPT UNPACKING pc=0x000001c107736dde sp=0x0000001bc3cf8b90 mode 0
Event: 1779.349 Thread 0x000001c12b742800 DEOPT PACKING pc=0x000001c10951e3b0 sp=0x0000001bc3cf9580
Event: 1779.349 Thread 0x000001c12b742800 DEOPT UNPACKING pc=0x000001c107736dde sp=0x0000001bc3cf8ac0 mode 0
Event: 1779.400 Thread 0x000001c12b742800 Uncommon trap: trap_request=0xffffffde fr.pc=0x000001c10f7046f8 relative=0x00000000000000b8
Event: 1779.400 Thread 0x000001c12b742800 Uncommon trap: reason=class_check action=maybe_recompile pc=0x000001c10f7046f8 method=java.util.stream.ReferencePipeline$4$1.accept(Ljava/lang/Object;)V @ 12 c2
Event: 1779.400 Thread 0x000001c12b742800 DEOPT PACKING pc=0x000001c10f7046f8 sp=0x0000001bc3cfb6d0
Event: 1779.400 Thread 0x000001c12b742800 DEOPT UNPACKING pc=0x000001c10773662f sp=0x0000001bc3cfb650 mode 2
Event: 1779.847 Thread 0x000001c12b745000 Uncommon trap: trap_request=0xffffff4d fr.pc=0x000001c10fb044fc relative=0x000000000000005c
Event: 1779.847 Thread 0x000001c12b745000 Uncommon trap: reason=unstable_if action=reinterpret pc=0x000001c10fb044fc method=org.gradle.cache.internal.btree.FileBackedBlockStore$BlockImpl.getPos()Lorg/gradle/cache/internal/btree/BlockPointer; @ 4 c2
Event: 1779.847 Thread 0x000001c12b745000 DEOPT PACKING pc=0x000001c10fb044fc sp=0x0000001bc40fdfa0
Event: 1779.847 Thread 0x000001c12b745000 DEOPT UNPACKING pc=0x000001c10773662f sp=0x0000001bc40fdf38 mode 2

Classes redefined (0 events):
No events

Internal exceptions (20 events):
Event: 372.114 Thread 0x000001c124f42800 Exception <a 'sun/nio/fs/WindowsException'{0x000000008ae9c948}> (0x000000008ae9c948) thrown at [./src/hotspot/share/prims/jni.cpp, line 615]
Event: 617.546 Thread 0x000001c12b743000 Exception <a 'sun/nio/fs/WindowsException'{0x00000000893ccc40}> (0x00000000893ccc40) thrown at [./src/hotspot/share/prims/jni.cpp, line 615]
Event: 617.620 Thread 0x000001c12b743000 Exception <a 'java/lang/NoClassDefFoundError'{0x0000000088f00cd8}: org/jetbrains/kotlin/gradle/plugin/KotlinBasePluginWrapper> (0x0000000088f00cd8) thrown at [./src/hotspot/share/oops/constantPool.cpp, line 775]
Event: 617.687 Thread 0x000001c12b743000 Exception <a 'sun/nio/fs/WindowsException'{0x0000000088dae888}> (0x0000000088dae888) thrown at [./src/hotspot/share/prims/jni.cpp, line 615]
Event: 617.698 Thread 0x000001c12b743000 Exception <a 'sun/nio/fs/WindowsException'{0x0000000088c54cb8}> (0x0000000088c54cb8) thrown at [./src/hotspot/share/prims/jni.cpp, line 615]
Event: 617.698 Thread 0x000001c12b743000 Exception <a 'sun/nio/fs/WindowsException'{0x0000000088c56040}> (0x0000000088c56040) thrown at [./src/hotspot/share/prims/jni.cpp, line 615]
Event: 617.699 Thread 0x000001c12b743000 Exception <a 'sun/nio/fs/WindowsException'{0x0000000088c57418}> (0x0000000088c57418) thrown at [./src/hotspot/share/prims/jni.cpp, line 615]
Event: 617.699 Thread 0x000001c12b743000 Exception <a 'sun/nio/fs/WindowsException'{0x0000000088c58a78}> (0x0000000088c58a78) thrown at [./src/hotspot/share/prims/jni.cpp, line 615]
Event: 619.887 Thread 0x000001c1222b5000 Exception <a 'sun/nio/fs/WindowsException'{0x0000000088633860}> (0x0000000088633860) thrown at [./src/hotspot/share/prims/jni.cpp, line 615]
Event: 619.887 Thread 0x000001c1222b5000 Exception <a 'sun/nio/fs/WindowsException'{0x0000000088633948}> (0x0000000088633948) thrown at [./src/hotspot/share/prims/jni.cpp, line 615]
Event: 620.370 Thread 0x000001c12b743000 Exception <a 'sun/nio/fs/WindowsException'{0x000000008abdf7c0}> (0x000000008abdf7c0) thrown at [./src/hotspot/share/prims/jni.cpp, line 615]
Event: 620.370 Thread 0x000001c12b743000 Exception <a 'sun/nio/fs/WindowsException'{0x000000008abdf840}> (0x000000008abdf840) thrown at [./src/hotspot/share/prims/jni.cpp, line 615]
Event: 620.370 Thread 0x000001c12b743000 Exception <a 'sun/nio/fs/WindowsException'{0x000000008abe11c0}> (0x000000008abe11c0) thrown at [./src/hotspot/share/prims/jni.cpp, line 615]
Event: 1778.803 Thread 0x000001c12b742800 Exception <a 'sun/nio/fs/WindowsException'{0x000000008a0f48d0}> (0x000000008a0f48d0) thrown at [./src/hotspot/share/prims/jni.cpp, line 615]
Event: 1779.233 Thread 0x000001c12b742800 Exception <a 'java/lang/NoClassDefFoundError'{0x0000000089c440a8}: org/jetbrains/kotlin/gradle/plugin/KotlinBasePluginWrapper> (0x0000000089c440a8) thrown at [./src/hotspot/share/oops/constantPool.cpp, line 775]
Event: 1779.322 Thread 0x000001c12b742800 Exception <a 'sun/nio/fs/WindowsException'{0x0000000089ae3178}> (0x0000000089ae3178) thrown at [./src/hotspot/share/prims/jni.cpp, line 615]
Event: 1779.356 Thread 0x000001c12b742800 Exception <a 'sun/nio/fs/WindowsException'{0x0000000089986348}> (0x0000000089986348) thrown at [./src/hotspot/share/prims/jni.cpp, line 615]
Event: 1779.357 Thread 0x000001c12b742800 Exception <a 'sun/nio/fs/WindowsException'{0x00000000899876d0}> (0x00000000899876d0) thrown at [./src/hotspot/share/prims/jni.cpp, line 615]
Event: 1779.357 Thread 0x000001c12b742800 Exception <a 'sun/nio/fs/WindowsException'{0x0000000089988aa8}> (0x0000000089988aa8) thrown at [./src/hotspot/share/prims/jni.cpp, line 615]
Event: 1779.357 Thread 0x000001c12b742800 Exception <a 'sun/nio/fs/WindowsException'{0x0000000089989e80}> (0x0000000089989e80) thrown at [./src/hotspot/share/prims/jni.cpp, line 615]

Events (20 events):
Event: 1779.971 loading class org/gradle/internal/serialize/MapSerializer done
Event: 1779.972 loading class org/gradle/api/internal/tasks/compile/incremental/processing/GeneratedResourceSerializer
Event: 1779.972 loading class org/gradle/api/internal/tasks/compile/incremental/processing/GeneratedResourceSerializer done
Event: 1779.973 loading class org/gradle/api/internal/tasks/compile/incremental/compilerapi/deps/GeneratedResource$Location
Event: 1779.973 loading class org/gradle/api/internal/tasks/compile/incremental/compilerapi/deps/GeneratedResource$Location done
Event: 1779.973 loading class org/gradle/api/internal/tasks/compile/incremental/processing/AnnotationProcessingData
Event: 1779.973 loading class org/gradle/api/internal/tasks/compile/incremental/processing/AnnotationProcessingData done
Event: 1779.980 loading class org/gradle/api/internal/tasks/compile/incremental/compilerapi/constants/ConstantToDependentsMapping
Event: 1779.980 loading class org/gradle/api/internal/tasks/compile/incremental/compilerapi/constants/ConstantToDependentsMapping done
Event: 1779.980 loading class org/gradle/api/internal/tasks/compile/incremental/compilerapi/CompilerApiData
Event: 1779.980 loading class org/gradle/api/internal/tasks/compile/incremental/compilerapi/CompilerApiData done
Event: 1779.981 loading class org/gradle/api/internal/tasks/compile/incremental/recomp/PreviousCompilationData
Event: 1779.981 loading class org/gradle/api/internal/tasks/compile/incremental/recomp/PreviousCompilationData done
Event: 1779.982 loading class org/gradle/api/internal/tasks/compile/incremental/recomp/PreviousCompilation
Event: 1779.982 loading class org/gradle/api/internal/tasks/compile/incremental/recomp/PreviousCompilation done
Event: 1779.983 loading class org/gradle/api/internal/tasks/compile/incremental/deps/ClassSetAnalysis
Event: 1779.983 loading class org/gradle/api/internal/tasks/compile/incremental/deps/ClassSetAnalysis done
Event: 1779.984 loading class com/google/common/collect/ImmutableSetMultimap
Event: 1779.984 loading class com/google/common/collect/ImmutableSetMultimap done
Event: 1779.986 Executing VM operation: Deoptimize


Dynamic libraries:
0x00007ff6fced0000 - 0x00007ff6fceda000 	C:\Program Files\Android\Android Studio\jre\bin\java.exe
0x00007ffae2dd0000 - 0x00007ffae2fc5000 	C:\WINDOWS\SYSTEM32\ntdll.dll
0x00007ffae2580000 - 0x00007ffae263e000 	C:\WINDOWS\System32\KERNEL32.DLL
0x00007ffae0640000 - 0x00007ffae0908000 	C:\WINDOWS\System32\KERNELBASE.dll
0x00007ffae0910000 - 0x00007ffae0a10000 	C:\WINDOWS\System32\ucrtbase.dll
0x00007ffadb4c0000 - 0x00007ffadb4d9000 	C:\Program Files\Android\Android Studio\jre\bin\jli.dll
0x00007ffa9e350000 - 0x00007ffa9e367000 	C:\Program Files\Android\Android Studio\jre\bin\VCRUNTIME140.dll
0x00007ffae0ec0000 - 0x00007ffae1060000 	C:\WINDOWS\System32\USER32.dll
0x00007ffacf230000 - 0x00007ffacf4ca000 	C:\WINDOWS\WinSxS\amd64_microsoft.windows.common-controls_6595b64144ccf1df_6.0.19041.1110_none_60b5254171f9507e\COMCTL32.dll
0x00007ffae0c30000 - 0x00007ffae0c52000 	C:\WINDOWS\System32\win32u.dll
0x00007ffae12d0000 - 0x00007ffae136e000 	C:\WINDOWS\System32\msvcrt.dll
0x00007ffae1ee0000 - 0x00007ffae1f0b000 	C:\WINDOWS\System32\GDI32.dll
0x00007ffae0d20000 - 0x00007ffae0e2b000 	C:\WINDOWS\System32\gdi32full.dll
0x00007ffae05a0000 - 0x00007ffae063d000 	C:\WINDOWS\System32\msvcp_win.dll
0x00007ffae1610000 - 0x00007ffae1640000 	C:\WINDOWS\System32\IMM32.DLL
0x00007ffa9cd80000 - 0x00007ffa9ce1d000 	C:\Program Files\Android\Android Studio\jre\bin\msvcp140.dll
0x00007ffa9ce20000 - 0x00007ffa9d8f5000 	C:\Program Files\Android\Android Studio\jre\bin\server\jvm.dll
0x00007ffae1210000 - 0x00007ffae12be000 	C:\WINDOWS\System32\ADVAPI32.dll
0x00007ffae22e0000 - 0x00007ffae237c000 	C:\WINDOWS\System32\sechost.dll
0x00007ffae1060000 - 0x00007ffae1185000 	C:\WINDOWS\System32\RPCRT4.dll
0x00007ffae12c0000 - 0x00007ffae12c8000 	C:\WINDOWS\System32\PSAPI.DLL
0x00007ffad98a0000 - 0x00007ffad98a9000 	C:\WINDOWS\SYSTEM32\WSOCK32.dll
0x00007ffadd740000 - 0x00007ffadd767000 	C:\WINDOWS\SYSTEM32\WINMM.dll
0x00007ffad7100000 - 0x00007ffad710a000 	C:\WINDOWS\SYSTEM32\VERSION.dll
0x00007ffae2510000 - 0x00007ffae257b000 	C:\WINDOWS\System32\WS2_32.dll
0x00007ffaded90000 - 0x00007ffadeda2000 	C:\WINDOWS\SYSTEM32\kernel.appcore.dll
0x00007ffa9e330000 - 0x00007ffa9e341000 	C:\Program Files\Android\Android Studio\jre\bin\verify.dll
0x00007ffade300000 - 0x00007ffade4e4000 	C:\WINDOWS\SYSTEM32\DBGHELP.DLL
0x00007ffadd6f0000 - 0x00007ffadd71c000 	C:\WINDOWS\SYSTEM32\dbgcore.DLL
0x00007ffae0ba0000 - 0x00007ffae0c22000 	C:\WINDOWS\System32\bcryptPrimitives.dll
0x00007ffa9e300000 - 0x00007ffa9e329000 	C:\Program Files\Android\Android Studio\jre\bin\java.dll
0x00007ffad8810000 - 0x00007ffad881b000 	C:\Program Files\Android\Android Studio\jre\bin\jimage.dll
0x00007ffa9e2e0000 - 0x00007ffa9e2f8000 	C:\Program Files\Android\Android Studio\jre\bin\zip.dll
0x00007ffae2640000 - 0x00007ffae2d84000 	C:\WINDOWS\System32\SHELL32.dll
0x00007ffade4f0000 - 0x00007ffadec84000 	C:\WINDOWS\SYSTEM32\windows.storage.dll
0x00007ffae1f80000 - 0x00007ffae22d4000 	C:\WINDOWS\System32\combase.dll
0x00007ffadfee0000 - 0x00007ffadff0c000 	C:\WINDOWS\SYSTEM32\Wldp.dll
0x00007ffae1e30000 - 0x00007ffae1edd000 	C:\WINDOWS\System32\SHCORE.dll
0x00007ffae2380000 - 0x00007ffae23d5000 	C:\WINDOWS\System32\shlwapi.dll
0x00007ffae0430000 - 0x00007ffae044f000 	C:\WINDOWS\SYSTEM32\profapi.dll
0x00007ffa9e2c0000 - 0x00007ffa9e2da000 	C:\Program Files\Android\Android Studio\jre\bin\net.dll
0x00007ffadb590000 - 0x00007ffadb699000 	C:\WINDOWS\SYSTEM32\WINHTTP.dll
0x00007ffadfbe0000 - 0x00007ffadfc4a000 	C:\WINDOWS\system32\mswsock.dll
0x00007ffa9e2a0000 - 0x00007ffa9e2b4000 	C:\Program Files\Android\Android Studio\jre\bin\nio.dll
0x00007ffadb520000 - 0x00007ffadb547000 	C:\Users\Razvan\.gradle\native\e1d6ef7f7dcc3fd88c89a11ec53ec762bb8ba0a96d01ffa2cd45eb1d1d8dd5c5\windows-amd64\native-platform.dll
0x00007ffabc0f0000 - 0x00007ffabc234000 	C:\Users\Razvan\.gradle\native\5664cfc778a61ccfe75a443a1ab52a65af34e5dc3c78e0209fed803814484fcb\windows-amd64\native-platform-file-events.dll
0x00007ffac6030000 - 0x00007ffac603a000 	C:\Program Files\Android\Android Studio\jre\bin\management.dll
0x00007ffabfc40000 - 0x00007ffabfc4d000 	C:\Program Files\Android\Android Studio\jre\bin\management_ext.dll
0x00007ffadfdd0000 - 0x00007ffadfde8000 	C:\WINDOWS\SYSTEM32\CRYPTSP.dll
0x00007ffadf560000 - 0x00007ffadf594000 	C:\WINDOWS\system32\rsaenh.dll
0x00007ffae0b70000 - 0x00007ffae0b97000 	C:\WINDOWS\System32\bcrypt.dll
0x00007ffae03b0000 - 0x00007ffae03de000 	C:\WINDOWS\SYSTEM32\USERENV.dll
0x00007ffadfdf0000 - 0x00007ffadfdfc000 	C:\WINDOWS\SYSTEM32\CRYPTBASE.dll
0x00007ffadf8d0000 - 0x00007ffadf90b000 	C:\WINDOWS\SYSTEM32\IPHLPAPI.DLL
0x00007ffae1f70000 - 0x00007ffae1f78000 	C:\WINDOWS\System32\NSI.dll
0x00007ffad2cf0000 - 0x00007ffad2d07000 	C:\WINDOWS\SYSTEM32\dhcpcsvc6.DLL
0x00007ffad3740000 - 0x00007ffad375d000 	C:\WINDOWS\SYSTEM32\dhcpcsvc.DLL
0x00007ffadf910000 - 0x00007ffadf9da000 	C:\WINDOWS\SYSTEM32\DNSAPI.dll
0x00007ffa9de40000 - 0x00007ffa9de67000 	C:\Program Files\Android\Android Studio\jre\bin\sunec.dll

dbghelp: loaded successfully - version: 4.0.5 - missing functions: none
symbol engine: initialized successfully - sym options: 0x614 - pdb path: .;C:\Program Files\Android\Android Studio\jre\bin;C:\WINDOWS\SYSTEM32;C:\WINDOWS\WinSxS\amd64_microsoft.windows.common-controls_6595b64144ccf1df_6.0.19041.1110_none_60b5254171f9507e;C:\Program Files\Android\Android Studio\jre\bin\server;C:\Users\Razvan\.gradle\native\e1d6ef7f7dcc3fd88c89a11ec53ec762bb8ba0a96d01ffa2cd45eb1d1d8dd5c5\windows-amd64;C:\Users\Razvan\.gradle\native\5664cfc778a61ccfe75a443a1ab52a65af34e5dc3c78e0209fed803814484fcb\windows-amd64

VM Arguments:
jvm_args: --add-opens=java.base/java.util=ALL-UNNAMED --add-opens=java.base/java.lang=ALL-UNNAMED --add-opens=java.base/java.lang.invoke=ALL-UNNAMED --add-opens=java.base/java.util=ALL-UNNAMED --add-opens=java.prefs/java.util.prefs=ALL-UNNAMED --add-opens=java.prefs/java.util.prefs=ALL-UNNAMED --add-opens=java.base/java.nio.charset=ALL-UNNAMED --add-opens=java.base/java.net=ALL-UNNAMED --add-opens=java.base/java.util.concurrent.atomic=ALL-UNNAMED -Xmx2048m -Dfile.encoding=UTF-8 -Duser.country=US -Duser.language=en -Duser.variant 
java_command: org.gradle.launcher.daemon.bootstrap.GradleDaemon 7.2
java_class_path (initial): C:\Users\Razvan\.gradle\wrapper\dists\gradle-7.2-bin\2dnblmf4td7x66yl1d74lt32g\gradle-7.2\lib\gradle-launcher-7.2.jar
Launcher Type: SUN_STANDARD

[Global flags]
     intx CICompilerCount                          = 3                                         {product} {ergonomic}
     uint ConcGCThreads                            = 1                                         {product} {ergonomic}
     uint G1ConcRefinementThreads                  = 4                                         {product} {ergonomic}
   size_t G1HeapRegionSize                         = 1048576                                   {product} {ergonomic}
    uintx GCDrainStackTargetSize                   = 64                                        {product} {ergonomic}
   size_t InitialHeapSize                          = 127926272                                 {product} {ergonomic}
   size_t MarkStackSize                            = 4194304                                   {product} {ergonomic}
   size_t MaxHeapSize                              = 2147483648                                {product} {command line}
   size_t MaxNewSize                               = 1287651328                                {product} {ergonomic}
   size_t MinHeapDeltaBytes                        = 1048576                                   {product} {ergonomic}
    uintx NonNMethodCodeHeapSize                   = 5830732                                {pd product} {ergonomic}
    uintx NonProfiledCodeHeapSize                  = 122913754                              {pd product} {ergonomic}
    uintx ProfiledCodeHeapSize                     = 122913754                              {pd product} {ergonomic}
    uintx ReservedCodeCacheSize                    = 251658240                              {pd product} {ergonomic}
     bool SegmentedCodeCache                       = true                                      {product} {ergonomic}
     bool UseCompressedClassPointers               = true                                 {lp64_product} {ergonomic}
     bool UseCompressedOops                        = true                                 {lp64_product} {ergonomic}
     bool UseG1GC                                  = true                                      {product} {ergonomic}
     bool UseLargePagesIndividualAllocation        = false                                  {pd product} {ergonomic}

Logging:
Log output configuration:
 #0: stdout all=warning uptime,level,tags
 #1: stderr all=off uptime,level,tags

Environment Variables:
PATH=C:\Program Files\Common Files\Oracle\Java\javapath;C:\WINDOWS\system32;C:\WINDOWS;C:\WINDOWS\System32\Wbem;C:\WINDOWS\System32\WindowsPowerShell\v1.0\;C:\WINDOWS\System32\OpenSSH\;C:\Users\Razvan\AppData\Local\Microsoft\WindowsApps;
USERNAME=Razvan
OS=Windows_NT
PROCESSOR_IDENTIFIER=Intel64 Family 6 Model 142 Stepping 12, GenuineIntel



---------------  S Y S T E M  ---------------

OS: Windows 10 , 64 bit Build 19041 (10.0.19041.1566)
OS uptime: 8 days 12:41 hours

CPU:total 4 (initial active 4) (2 cores per cpu, 2 threads per core) family 6 model 142 stepping 12 microcode 0xde, cmov, cx8, fxsr, mmx, sse, sse2, sse3, ssse3, sse4.1, sse4.2, popcnt, avx, avx2, aes, clmul, erms, 3dnowpref, lzcnt, ht, tsc, tscinvbit, bmi1, bmi2, adx, fma

Memory: 4k page, system-wide physical 7786M (409M free)
TotalPageFile size 16061M (AvailPageFile size 3836M)
current process WorkingSet (physical memory assigned to process): 258M, peak: 393M
current process commit charge ("private bytes"): 480M, peak: 481M

vm_info: OpenJDK 64-Bit Server VM (11.0.11+9-b60-7590822) for windows-amd64 JRE (11.0.11+9-b60-7590822), built on Jul 29 2021 21:43:44 by "builder" with MS VC++ 14.0 (VS2015)

END.
